Determining if the pthread_create exist failed with the following output:
Change Dir: /home/smher/myCode/SLAMs/chapter13/OctoMap/cmake-build-debug/CMakeFiles/CMakeTmp

Run Build Command:"/usr/bin/make" "cmTC_caf1f/fast"
/usr/bin/make -f CMakeFiles/cmTC_caf1f.dir/build.make CMakeFiles/cmTC_caf1f.dir/build
make[1]: Entering directory `/home/smher/myCode/SLAMs/chapter13/OctoMap/cmake-build-debug/CMakeFiles/CMakeTmp'
Building C object CMakeFiles/cmTC_caf1f.dir/CheckSymbolExists.c.o
/usr/bin/cc    -fPIC    -o CMakeFiles/cmTC_caf1f.dir/CheckSymbolExists.c.o   -c /home/smher/myCode/SLAMs/chapter13/OctoMap/cmake-build-debug/CMakeFiles/CMakeTmp/CheckSymbolExists.c
Linking C executable cmTC_caf1f
/home/smher/Documents/Linux_setup_files/clion-2017.1.3/bin/cmake/bin/cmake -E cmake_link_script CMakeFiles/cmTC_caf1f.dir/link.txt --verbose=1
/usr/bin/cc  -fPIC     CMakeFiles/cmTC_caf1f.dir/CheckSymbolExists.c.o  -o cmTC_caf1f 
CMakeFiles/cmTC_caf1f.dir/CheckSymbolExists.c.o: In function `main':
CheckSymbolExists.c:(.text+0x1b): undefined reference to `pthread_create'
collect2: error: ld returned 1 exit status
make[1]: *** [cmTC_caf1f] Error 1
make[1]: Leaving directory `/home/smher/myCode/SLAMs/chapter13/OctoMap/cmake-build-debug/CMakeFiles/CMakeTmp'
make: *** [cmTC_caf1f/fast] Error 2

File /home/smher/myCode/SLAMs/chapter13/OctoMap/cmake-build-debug/CMakeFiles/CMakeTmp/CheckSymbolExists.c:
/* */
#include <pthread.h>

int main(int argc, char** argv)
{
  (void)argv;
#ifndef pthread_create
  return ((int*)(&pthread_create))[argc];
#else
  (void)argc;
  return 0;
#endif
}

Determining if the function pthread_create exists in the pthreads failed with the following output:
Change Dir: /home/smher/myCode/SLAMs/chapter13/OctoMap/cmake-build-debug/CMakeFiles/CMakeTmp

Run Build Command:"/usr/bin/make" "cmTC_e0728/fast"
/usr/bin/make -f CMakeFiles/cmTC_e0728.dir/build.make CMakeFiles/cmTC_e0728.dir/build
make[1]: Entering directory `/home/smher/myCode/SLAMs/chapter13/OctoMap/cmake-build-debug/CMakeFiles/CMakeTmp'
Building C object CMakeFiles/cmTC_e0728.dir/CheckFunctionExists.c.o
/usr/bin/cc    -fPIC -DCHECK_FUNCTION_EXISTS=pthread_create   -o CMakeFiles/cmTC_e0728.dir/CheckFunctionExists.c.o   -c /home/smher/Documents/Linux_setup_files/clion-2017.1.3/bin/cmake/share/cmake-3.7/Modules/CheckFunctionExists.c
Linking C executable cmTC_e0728
/home/smher/Documents/Linux_setup_files/clion-2017.1.3/bin/cmake/bin/cmake -E cmake_link_script CMakeFiles/cmTC_e0728.dir/link.txt --verbose=1
/usr/bin/cc  -fPIC -DCHECK_FUNCTION_EXISTS=pthread_create    CMakeFiles/cmTC_e0728.dir/CheckFunctionExists.c.o  -o cmTC_e0728 -lpthreads 
/usr/bin/ld: cannot find -lpthreads
collect2: error: ld returned 1 exit status
make[1]: *** [cmTC_e0728] Error 1
make[1]: Leaving directory `/home/smher/myCode/SLAMs/chapter13/OctoMap/cmake-build-debug/CMakeFiles/CMakeTmp'
make: *** [cmTC_e0728/fast] Error 2


