Determining if the pthread_create exist failed with the following output:
Change Dir: /home/smher/myCode/SLAMs/chapter11/Gtsam/cmake-build-debug/CMakeFiles/CMakeTmp

Run Build Command:"/usr/bin/make" "cmTC_74994/fast"
make[1]: Entering directory `/home/smher/myCode/SLAMs/chapter11/Gtsam/cmake-build-debug/CMakeFiles/CMakeTmp'
/usr/bin/make -f CMakeFiles/cmTC_74994.dir/build.make CMakeFiles/cmTC_74994.dir/build
make[2]: Entering directory `/home/smher/myCode/SLAMs/chapter11/Gtsam/cmake-build-debug/CMakeFiles/CMakeTmp'
Building C object CMakeFiles/cmTC_74994.dir/CheckSymbolExists.c.o
/usr/bin/cc     -o CMakeFiles/cmTC_74994.dir/CheckSymbolExists.c.o   -c /home/smher/myCode/SLAMs/chapter11/Gtsam/cmake-build-debug/CMakeFiles/CMakeTmp/CheckSymbolExists.c
Linking C executable cmTC_74994
/home/smher/Documents/Linux_setup_files/clion-2017.1.3/bin/cmake/bin/cmake -E cmake_link_script CMakeFiles/cmTC_74994.dir/link.txt --verbose=1
/usr/bin/cc       CMakeFiles/cmTC_74994.dir/CheckSymbolExists.c.o  -o cmTC_74994 
CMakeFiles/cmTC_74994.dir/CheckSymbolExists.c.o: In function `main':
CheckSymbolExists.c:(.text+0x16): undefined reference to `pthread_create'
collect2: error: ld returned 1 exit status
make[2]: *** [cmTC_74994] Error 1
make[2]: Leaving directory `/home/smher/myCode/SLAMs/chapter11/Gtsam/cmake-build-debug/CMakeFiles/CMakeTmp'
make[1]: *** [cmTC_74994/fast] Error 2
make[1]: Leaving directory `/home/smher/myCode/SLAMs/chapter11/Gtsam/cmake-build-debug/CMakeFiles/CMakeTmp'

File /home/smher/myCode/SLAMs/chapter11/Gtsam/cmake-build-debug/CMakeFiles/CMakeTmp/CheckSymbolExists.c:
/* */
#include <pthread.h>

int main(int argc, char** argv)
{
  (void)argv;
#ifndef pthread_create
  return ((int*)(&pthread_create))[argc];
#else
  (void)argc;
  return 0;
#endif
}

Determining if the function pthread_create exists in the pthreads failed with the following output:
Change Dir: /home/smher/myCode/SLAMs/chapter11/Gtsam/cmake-build-debug/CMakeFiles/CMakeTmp

Run Build Command:"/usr/bin/make" "cmTC_acbcc/fast"
make[1]: Entering directory `/home/smher/myCode/SLAMs/chapter11/Gtsam/cmake-build-debug/CMakeFiles/CMakeTmp'
/usr/bin/make -f CMakeFiles/cmTC_acbcc.dir/build.make CMakeFiles/cmTC_acbcc.dir/build
make[2]: Entering directory `/home/smher/myCode/SLAMs/chapter11/Gtsam/cmake-build-debug/CMakeFiles/CMakeTmp'
Building C object CMakeFiles/cmTC_acbcc.dir/CheckFunctionExists.c.o
/usr/bin/cc    -DCHECK_FUNCTION_EXISTS=pthread_create   -o CMakeFiles/cmTC_acbcc.dir/CheckFunctionExists.c.o   -c /home/smher/Documents/Linux_setup_files/clion-2017.1.3/bin/cmake/share/cmake-3.7/Modules/CheckFunctionExists.c
Linking C executable cmTC_acbcc
/home/smher/Documents/Linux_setup_files/clion-2017.1.3/bin/cmake/bin/cmake -E cmake_link_script CMakeFiles/cmTC_acbcc.dir/link.txt --verbose=1
/usr/bin/cc   -DCHECK_FUNCTION_EXISTS=pthread_create    CMakeFiles/cmTC_acbcc.dir/CheckFunctionExists.c.o  -o cmTC_acbcc -lpthreads 
/usr/bin/ld: cannot find -lpthreads
collect2: error: ld returned 1 exit status
make[2]: *** [cmTC_acbcc] Error 1
make[2]: Leaving directory `/home/smher/myCode/SLAMs/chapter11/Gtsam/cmake-build-debug/CMakeFiles/CMakeTmp'
make[1]: *** [cmTC_acbcc/fast] Error 2
make[1]: Leaving directory `/home/smher/myCode/SLAMs/chapter11/Gtsam/cmake-build-debug/CMakeFiles/CMakeTmp'


