Determining if the pthread_create exist failed with the following output:
Change Dir: /home/smher/myCode/SLAMs/chapter7/PnP/cmake-build-debug/CMakeFiles/CMakeTmp

Run Build Command:"/usr/bin/make" "cmTC_da1c3/fast"
/usr/bin/make -f CMakeFiles/cmTC_da1c3.dir/build.make CMakeFiles/cmTC_da1c3.dir/build
make[1]: Entering directory `/home/smher/myCode/SLAMs/chapter7/PnP/cmake-build-debug/CMakeFiles/CMakeTmp'
Building C object CMakeFiles/cmTC_da1c3.dir/CheckSymbolExists.c.o
/usr/bin/cc    -fPIC    -o CMakeFiles/cmTC_da1c3.dir/CheckSymbolExists.c.o   -c /home/smher/myCode/SLAMs/chapter7/PnP/cmake-build-debug/CMakeFiles/CMakeTmp/CheckSymbolExists.c
Linking C executable cmTC_da1c3
/home/smher/Documents/Linux_setup_files/clion-2017.1.3/bin/cmake/bin/cmake -E cmake_link_script CMakeFiles/cmTC_da1c3.dir/link.txt --verbose=1
/usr/bin/cc  -fPIC     CMakeFiles/cmTC_da1c3.dir/CheckSymbolExists.c.o  -o cmTC_da1c3 
CMakeFiles/cmTC_da1c3.dir/CheckSymbolExists.c.o: In function `main':
CheckSymbolExists.c:(.text+0x1b): undefined reference to `pthread_create'
collect2: error: ld returned 1 exit status
make[1]: *** [cmTC_da1c3] Error 1
make[1]: Leaving directory `/home/smher/myCode/SLAMs/chapter7/PnP/cmake-build-debug/CMakeFiles/CMakeTmp'
make: *** [cmTC_da1c3/fast] Error 2

File /home/smher/myCode/SLAMs/chapter7/PnP/cmake-build-debug/CMakeFiles/CMakeTmp/CheckSymbolExists.c:
/* */
#include <pthread.h>

int main(int argc, char** argv)
{
  (void)argv;
#ifndef pthread_create
  return ((int*)(&pthread_create))[argc];
#else
  (void)argc;
  return 0;
#endif
}

Determining if the function pthread_create exists in the pthreads failed with the following output:
Change Dir: /home/smher/myCode/SLAMs/chapter7/PnP/cmake-build-debug/CMakeFiles/CMakeTmp

Run Build Command:"/usr/bin/make" "cmTC_e1bff/fast"
/usr/bin/make -f CMakeFiles/cmTC_e1bff.dir/build.make CMakeFiles/cmTC_e1bff.dir/build
make[1]: Entering directory `/home/smher/myCode/SLAMs/chapter7/PnP/cmake-build-debug/CMakeFiles/CMakeTmp'
Building C object CMakeFiles/cmTC_e1bff.dir/CheckFunctionExists.c.o
/usr/bin/cc    -fPIC -DCHECK_FUNCTION_EXISTS=pthread_create   -o CMakeFiles/cmTC_e1bff.dir/CheckFunctionExists.c.o   -c /home/smher/Documents/Linux_setup_files/clion-2017.1.3/bin/cmake/share/cmake-3.7/Modules/CheckFunctionExists.c
Linking C executable cmTC_e1bff
/home/smher/Documents/Linux_setup_files/clion-2017.1.3/bin/cmake/bin/cmake -E cmake_link_script CMakeFiles/cmTC_e1bff.dir/link.txt --verbose=1
/usr/bin/cc  -fPIC -DCHECK_FUNCTION_EXISTS=pthread_create    CMakeFiles/cmTC_e1bff.dir/CheckFunctionExists.c.o  -o cmTC_e1bff -lpthreads 
/usr/bin/ld: cannot find -lpthreads
collect2: error: ld returned 1 exit status
make[1]: *** [cmTC_e1bff] Error 1
make[1]: Leaving directory `/home/smher/myCode/SLAMs/chapter7/PnP/cmake-build-debug/CMakeFiles/CMakeTmp'
make: *** [cmTC_e1bff/fast] Error 2


